<?xml version="1.0" encoding="UTF-8"?>
<testsuite name="ApiJavaAutomationTest" tests="1" skipped="0" failures="0" errors="0" timestamp="2020-08-08T04:21:40" hostname="Rozana-2.local" time="3.208">
  <properties/>
  <testcase name="deleteUser()" classname="ApiJavaAutomationTest" time="3.208"/>
  <system-out><![CDATA[Request method:	POST
Request URI:	https://reqres.in/api/users
Proxy:			<none>
Request params:	<none>
Query params:	<none>
Form params:	<none>
Path params:	<none>
Headers:		Accept=*/*
				Content-Type=application/json; charset=UTF-8
Cookies:		<none>
Multiparts:		<none>
Body:
{
    "name": "morpheus",
    "job": "leader"
}

]]></system-out>
  <system-err><![CDATA[]]></system-err>
</testsuite>
